ιπε 16, 2017 6:04:14 PM control.ServerController writeToLog
INFO: Connected to database
ιπε 16, 2017 6:04:14 PM control.ServerController writeToLog
INFO: Server listening for connections
on port: 1337
ιπε 16, 2017 6:04:18 PM control.ServerController writeToLog
INFO: Login attempt
ιπε 16, 2017 6:05:31 PM control.ServerController writeToLog
INFO: Login attempt
ιπε 16, 2017 6:06:00 PM control.ServerController writeToLog
INFO: Login attempt
ιπε 16, 2017 6:06:48 PM control.ServerController writeToLog
INFO: Login attempt
ιπε 16, 2017 6:07:33 PM control.ServerController writeToLog
INFO: Login attempt
ιπε 16, 2017 6:11:32 PM control.ServerController writeToLog
INFO: Login attempt
ιπε 16, 2017 6:11:48 PM control.ServerController writeToLog
INFO: Login attempt
ιπε 16, 2017 6:12:15 PM control.ServerController writeToLog
INFO: Login attempt
ιπε 16, 2017 6:12:34 PM control.ServerController writeToLog
INFO: Login attempt
ιπε 16, 2017 6:18:59 PM control.ServerController writeToLog
INFO: Login attempt
ιπε 16, 2017 6:19:19 PM control.ServerController writeToLog
INFO: Disconnected sucessfully
ιπε 16, 2017 6:19:23 PM control.ServerController writeToLog
INFO: Connected to database
ιπε 16, 2017 6:19:23 PM control.ServerController writeToLog
INFO: Server listening for connections
on port: 1337
ιπε 16, 2017 6:19:24 PM control.ServerController writeToLog
INFO: Login attempt
ιπε 16, 2017 6:19:33 PM control.ServerController writeToLog
INFO: Disconnected sucessfully
ιπε 16, 2017 6:20:26 PM control.ServerController writeToLog
INFO: Connected to database
ιπε 16, 2017 6:20:26 PM control.ServerController writeToLog
INFO: Server listening for connections
on port: 1337
ιπε 16, 2017 6:20:32 PM control.ServerController writeToLog
INFO: Login attempt
ιπε 16, 2017 6:21:11 PM control.ServerController writeToLog
INFO: Disconnected sucessfully
ιπε 16, 2017 6:21:14 PM control.ServerController writeToLog
INFO: Connected to database
ιπε 16, 2017 6:21:14 PM control.ServerController writeToLog
INFO: Server listening for connections
on port: 1337
ιπε 16, 2017 6:21:15 PM control.ServerController writeToLog
INFO: Login attempt
ιπε 16, 2017 6:21:44 PM control.ServerController writeToLog
INFO: Login attempt
ιπε 16, 2017 6:23:35 PM control.ServerController writeToLog
INFO: Login attempt
ιπε 16, 2017 6:25:55 PM control.ServerController writeToLog
INFO: Disconnected sucessfully
ιπε 16, 2017 6:25:57 PM control.ServerController writeToLog
INFO: Connected to database
ιπε 16, 2017 6:25:57 PM control.ServerController writeToLog
INFO: Server listening for connections
on port: 1337
ιπε 16, 2017 6:26:19 PM control.ServerController writeToLog
INFO: Login attempt
ιπε 16, 2017 6:27:18 PM control.ServerController writeToLog
INFO: Login attempt
ιπε 16, 2017 6:28:40 PM control.ServerController writeToLog
INFO: Login attempt
ιπε 16, 2017 6:29:49 PM control.ServerController writeToLog
INFO: Login attempt
ιπε 16, 2017 6:30:41 PM control.ServerController writeToLog
INFO: Login attempt
ιπε 16, 2017 6:31:21 PM control.ServerController writeToLog
INFO: Login attempt
ιπε 16, 2017 6:33:10 PM control.ServerController writeToLog
INFO: Login attempt
ιπε 16, 2017 6:36:53 PM control.ServerController writeToLog
INFO: Login attempt
ιπε 16, 2017 6:37:26 PM control.ServerController writeToLog
INFO: Disconnected sucessfully
ιπε 16, 2017 6:37:29 PM control.ServerController writeToLog
INFO: Connected to database
ιπε 16, 2017 6:37:29 PM control.ServerController writeToLog
INFO: Server listening for connections
on port: 1337
ιπε 16, 2017 6:37:30 PM control.ServerController writeToLog
INFO: Login attempt
ιπε 16, 2017 6:37:54 PM control.ServerController writeToLog
INFO: Disconnected sucessfully
ιπε 16, 2017 6:37:56 PM control.ServerController writeToLog
INFO: Connected to database
ιπε 16, 2017 6:37:56 PM control.ServerController writeToLog
INFO: Server listening for connections
on port: 1337
ιπε 16, 2017 6:37:59 PM control.ServerController writeToLog
INFO: Login attempt
ιπε 16, 2017 6:38:58 PM control.ServerController writeToLog
INFO: Login attempt
ιπε 16, 2017 6:39:37 PM control.ServerController writeToLog
INFO: Login attempt
ιπε 16, 2017 6:41:29 PM control.ServerController writeToLog
INFO: Login attempt
ιπε 16, 2017 6:42:45 PM control.ServerController writeToLog
INFO: Login attempt
ιπε 16, 2017 6:44:10 PM control.ServerController writeToLog
INFO: Login attempt
ιπε 16, 2017 6:45:45 PM control.ServerController writeToLog
INFO: Login attempt
ιπε 16, 2017 6:46:37 PM control.ServerController writeToLog
INFO: Login attempt
ιπε 16, 2017 6:47:45 PM control.ServerController writeToLog
INFO: Login attempt
ιπε 16, 2017 6:48:20 PM control.ServerController writeToLog
INFO: Login attempt
ιπε 16, 2017 6:49:43 PM control.ServerController writeToLog
INFO: Login attempt
ιπε 16, 2017 6:50:45 PM control.ServerController writeToLog
INFO: Login attempt
ιπε 16, 2017 6:51:36 PM control.ServerController writeToLog
INFO: Disconnected sucessfully
ιπε 16, 2017 6:51:40 PM control.ServerController writeToLog
INFO: Connected to database
ιπε 16, 2017 6:51:40 PM control.ServerController writeToLog
INFO: Server listening for connections
on port: 1337
ιπε 16, 2017 6:51:44 PM control.ServerController writeToLog
INFO: Login attempt
ιπε 16, 2017 6:52:28 PM control.ServerController writeToLog
INFO: Login attempt
ιπε 16, 2017 6:53:51 PM control.ServerController writeToLog
INFO: Login attempt
ιπε 16, 2017 6:54:19 PM control.ServerController writeToLog
INFO: Login attempt
ιπε 16, 2017 6:54:37 PM control.ServerController writeToLog
INFO: Login attempt
ιπε 16, 2017 6:55:10 PM control.ServerController writeToLog
INFO: Login attempt
ιπε 16, 2017 6:56:21 PM control.ServerController writeToLog
INFO: Login attempt
ιπε 16, 2017 6:56:35 PM control.ServerController writeToLog
INFO: Login attempt
ιπε 16, 2017 6:56:51 PM control.ServerController writeToLog
INFO: Login attempt
ιπε 16, 2017 6:57:12 PM control.ServerController writeToLog
INFO: Login attempt
ιπε 16, 2017 6:57:48 PM control.ServerController writeToLog
INFO: Login attempt
ιπε 16, 2017 6:58:10 PM control.ServerController writeToLog
INFO: Login attempt
ιπε 16, 2017 6:58:31 PM control.ServerController writeToLog
INFO: Login attempt
